2024-03-27T17:42:21.059+09:00  INFO 2564 --- [authentication-server] [restartedMain] o.m.a.AuthenticationServerApplication    : The following 1 profile is active: "local"
2024-03-27T17:42:21.438+09:00  INFO 2564 --- [authentication-server] [restartedMain] .s.d.r.c.RepositoryConfigurationDelegate : Bootstrapping Spring Data JPA repositories in DEFAULT mode.
2024-03-27T17:42:21.529+09:00  INFO 2564 --- [authentication-server] [restartedMain] .s.d.r.c.RepositoryConfigurationDelegate : Finished Spring Data repository scanning in 86 ms. Found 1 JPA repository interface.
2024-03-27T17:42:21.663+09:00  INFO 2564 --- [authentication-server] [restartedMain] o.s.cloud.context.scope.GenericScope     : BeanFactory id=a84814cd-2c55-3c6e-a744-65c05b43e1bf
2024-03-27T17:42:21.744+09:00  WARN 2564 --- [authentication-server] [restartedMain] trationDelegate$BeanPostProcessorChecker : Bean 'org.springframework.cloud.client.loadbalancer.LoadBalancerAutoConfiguration$LoadBalancerInterceptorConfig' of type [org.springframework.cloud.client.loadbalancer.LoadBalancerAutoConfiguration$LoadBalancerInterceptorConfig] is not eligible for getting processed by all BeanPostProcessors (for example: not eligible for auto-proxying). The currently created BeanPostProcessor [lbRestClientPostProcessor] is declared through a non-static factory method on that class; consider declaring it as static instead.
2024-03-27T17:42:21.745+09:00  WARN 2564 --- [authentication-server] [restartedMain] trationDelegate$BeanPostProcessorChecker : Bean 'org.springframework.cloud.loadbalancer.config.BlockingLoadBalancerClientAutoConfiguration' of type [org.springframework.cloud.loadbalancer.config.BlockingLoadBalancerClientAutoConfiguration] is not eligible for getting processed by all BeanPostProcessors (for example: not eligible for auto-proxying). Is this bean getting eagerly injected into a currently created BeanPostProcessor [lbRestClientPostProcessor]? Check the corresponding BeanPostProcessor declaration and its dependencies.
2024-03-27T17:42:21.746+09:00  WARN 2564 --- [authentication-server] [restartedMain] trationDelegate$BeanPostProcessorChecker : Bean 'org.springframework.cloud.loadbalancer.config.LoadBalancerAutoConfiguration' of type [org.springframework.cloud.loadbalancer.config.LoadBalancerAutoConfiguration] is not eligible for getting processed by all BeanPostProcessors (for example: not eligible for auto-proxying). Is this bean getting eagerly injected into a currently created BeanPostProcessor [lbRestClientPostProcessor]? Check the corresponding BeanPostProcessor declaration and its dependencies.
2024-03-27T17:42:21.750+09:00  WARN 2564 --- [authentication-server] [restartedMain] trationDelegate$BeanPostProcessorChecker : Bean 'org.springframework.cloud.commons.config.CommonsConfigAutoConfiguration' of type [org.springframework.cloud.commons.config.CommonsConfigAutoConfiguration] is not eligible for getting processed by all BeanPostProcessors (for example: not eligible for auto-proxying). Is this bean getting eagerly injected into a currently created BeanPostProcessor [lbRestClientPostProcessor]? Check the corresponding BeanPostProcessor declaration and its dependencies.
2024-03-27T17:42:21.751+09:00  WARN 2564 --- [authentication-server] [restartedMain] trationDelegate$BeanPostProcessorChecker : Bean 'org.springframework.cloud.client.loadbalancer.LoadBalancerDefaultMappingsProviderAutoConfiguration' of type [org.springframework.cloud.client.loadbalancer.LoadBalancerDefaultMappingsProviderAutoConfiguration] is not eligible for getting processed by all BeanPostProcessors (for example: not eligible for auto-proxying). Is this bean getting eagerly injected into a currently created BeanPostProcessor [lbRestClientPostProcessor]? Check the corresponding BeanPostProcessor declaration and its dependencies.
2024-03-27T17:42:21.751+09:00  WARN 2564 --- [authentication-server] [restartedMain] trationDelegate$BeanPostProcessorChecker : Bean 'loadBalancerClientsDefaultsMappingsProvider' of type [org.springframework.cloud.client.loadbalancer.LoadBalancerDefaultMappingsProviderAutoConfiguration$$Lambda$759/0x00000203d94e7ca0] is not eligible for getting processed by all BeanPostProcessors (for example: not eligible for auto-proxying). Is this bean getting eagerly injected into a currently created BeanPostProcessor [lbRestClientPostProcessor]? Check the corresponding BeanPostProcessor declaration and its dependencies.
2024-03-27T17:42:21.752+09:00  WARN 2564 --- [authentication-server] [restartedMain] trationDelegate$BeanPostProcessorChecker : Bean 'defaultsBindHandlerAdvisor' of type [org.springframework.cloud.commons.config.DefaultsBindHandlerAdvisor] is not eligible for getting processed by all BeanPostProcessors (for example: not eligible for auto-proxying). Is this bean getting eagerly injected into a currently created BeanPostProcessor [lbRestClientPostProcessor]? Check the corresponding BeanPostProcessor declaration and its dependencies.
2024-03-27T17:42:21.755+09:00  WARN 2564 --- [authentication-server] [restartedMain] trationDelegate$BeanPostProcessorChecker : Bean 'spring.cloud.loadbalancer-org.springframework.cloud.client.loadbalancer.LoadBalancerClientsProperties' of type [org.springframework.cloud.client.loadbalancer.LoadBalancerClientsProperties] is not eligible for getting processed by all BeanPostProcessors (for example: not eligible for auto-proxying). Is this bean getting eagerly injected into a currently created BeanPostProcessor [lbRestClientPostProcessor]? Check the corresponding BeanPostProcessor declaration and its dependencies.
2024-03-27T17:42:21.757+09:00  WARN 2564 --- [authentication-server] [restartedMain] trationDelegate$BeanPostProcessorChecker : Bean 'default.org.springframework.cloud.loadbalancer.config.LoadBalancerAutoConfiguration.LoadBalancerClientSpecification' of type [org.springframework.cloud.loadbalancer.annotation.LoadBalancerClientSpecification] is not eligible for getting processed by all BeanPostProcessors (for example: not eligible for auto-proxying). Is this bean getting eagerly injected into a currently created BeanPostProcessor [lbRestClientPostProcessor]? Check the corresponding BeanPostProcessor declaration and its dependencies.
2024-03-27T17:42:21.758+09:00  WARN 2564 --- [authentication-server] [restartedMain] trationDelegate$BeanPostProcessorChecker : Bean 'default.org.springframework.cloud.loadbalancer.config.BlockingLoadBalancerClientAutoConfiguration.LoadBalancerClientSpecification' of type [org.springframework.cloud.loadbalancer.annotation.LoadBalancerClientSpecification] is not eligible for getting processed by all BeanPostProcessors (for example: not eligible for auto-proxying). Is this bean getting eagerly injected into a currently created BeanPostProcessor [lbRestClientPostProcessor]? Check the corresponding BeanPostProcessor declaration and its dependencies.
2024-03-27T17:42:21.758+09:00  WARN 2564 --- [authentication-server] [restartedMain] trationDelegate$BeanPostProcessorChecker : Bean 'default.org.springframework.cloud.netflix.eureka.loadbalancer.LoadBalancerEurekaAutoConfiguration.LoadBalancerClientSpecification' of type [org.springframework.cloud.loadbalancer.annotation.LoadBalancerClientSpecification] is not eligible for getting processed by all BeanPostProcessors (for example: not eligible for auto-proxying). Is this bean getting eagerly injected into a currently created BeanPostProcessor [lbRestClientPostProcessor]? Check the corresponding BeanPostProcessor declaration and its dependencies.
2024-03-27T17:42:21.759+09:00  WARN 2564 --- [authentication-server] [restartedMain] trationDelegate$BeanPostProcessorChecker : Bean 'loadBalancerClientFactory' of type [org.springframework.cloud.loadbalancer.support.LoadBalancerClientFactory] is not eligible for getting processed by all BeanPostProcessors (for example: not eligible for auto-proxying). Is this bean getting eagerly injected into a currently created BeanPostProcessor [lbRestClientPostProcessor]? Check the corresponding BeanPostProcessor declaration and its dependencies.
2024-03-27T17:42:21.761+09:00  WARN 2564 --- [authentication-server] [restartedMain] trationDelegate$BeanPostProcessorChecker : Bean 'blockingLoadBalancerClient' of type [org.springframework.cloud.loadbalancer.blocking.client.BlockingLoadBalancerClient] is not eligible for getting processed by all BeanPostProcessors (for example: not eligible for auto-proxying). Is this bean getting eagerly injected into a currently created BeanPostProcessor [lbRestClientPostProcessor]? Check the corresponding BeanPostProcessor declaration and its dependencies.
2024-03-27T17:42:21.764+09:00  WARN 2564 --- [authentication-server] [restartedMain] trationDelegate$BeanPostProcessorChecker : Bean 'loadBalancerServiceInstanceCookieTransformer' of type [org.springframework.cloud.loadbalancer.core.LoadBalancerServiceInstanceCookieTransformer] is not eligible for getting processed by all BeanPostProcessors (for example: not eligible for auto-proxying). Is this bean getting eagerly injected into a currently created BeanPostProcessor [lbRestClientPostProcessor]? Check the corresponding BeanPostProcessor declaration and its dependencies.
2024-03-27T17:42:21.765+09:00  WARN 2564 --- [authentication-server] [restartedMain] trationDelegate$BeanPostProcessorChecker : Bean 'xForwarderHeadersTransformer' of type [org.springframework.cloud.loadbalancer.blocking.XForwardedHeadersTransformer] is not eligible for getting processed by all BeanPostProcessors (for example: not eligible for auto-proxying). Is this bean getting eagerly injected into a currently created BeanPostProcessor [lbRestClientPostProcessor]? Check the corresponding BeanPostProcessor declaration and its dependencies.
2024-03-27T17:42:21.765+09:00  WARN 2564 --- [authentication-server] [restartedMain] trationDelegate$BeanPostProcessorChecker : Bean 'org.springframework.cloud.client.loadbalancer.LoadBalancerAutoConfiguration' of type [org.springframework.cloud.client.loadbalancer.LoadBalancerAutoConfiguration] is not eligible for getting processed by all BeanPostProcessors (for example: not eligible for auto-proxying). Is this bean getting eagerly injected into a currently created BeanPostProcessor [lbRestClientPostProcessor]? Check the corresponding BeanPostProcessor declaration and its dependencies.
2024-03-27T17:42:21.766+09:00  WARN 2564 --- [authentication-server] [restartedMain] trationDelegate$BeanPostProcessorChecker : Bean 'loadBalancerRequestFactory' of type [org.springframework.cloud.client.loadbalancer.LoadBalancerRequestFactory] is not eligible for getting processed by all BeanPostProcessors (for example: not eligible for auto-proxying). Is this bean getting eagerly injected into a currently created BeanPostProcessor [lbRestClientPostProcessor]? Check the corresponding BeanPostProcessor declaration and its dependencies.
2024-03-27T17:42:21.766+09:00  WARN 2564 --- [authentication-server] [restartedMain] trationDelegate$BeanPostProcessorChecker : Bean 'loadBalancerInterceptor' of type [org.springframework.cloud.client.loadbalancer.LoadBalancerInterceptor] is not eligible for getting processed by all BeanPostProcessors (for example: not eligible for auto-proxying). Is this bean getting eagerly injected into a currently created BeanPostProcessor [lbRestClientPostProcessor]? Check the corresponding BeanPostProcessor declaration and its dependencies.
2024-03-27T17:42:22.056+09:00  INFO 2564 --- [authentication-server] [restartedMain] o.s.b.w.embedded.tomcat.TomcatWebServer  : Tomcat initialized with port 8900 (http)
2024-03-27T17:42:22.063+09:00  INFO 2564 --- [authentication-server] [restartedMain] o.apache.catalina.core.StandardService   : Starting service [Tomcat]
2024-03-27T17:42:22.063+09:00  INFO 2564 --- [authentication-server] [restartedMain] o.apache.catalina.core.StandardEngine    : Starting Servlet engine: [Apache Tomcat/10.1.19]
2024-03-27T17:42:22.154+09:00  INFO 2564 --- [authentication-server] [restartedMain] o.a.c.c.C.[Tomcat].[localhost].[/]       : Initializing Spring embedded WebApplicationContext
2024-03-27T17:42:22.154+09:00  INFO 2564 --- [authentication-server] [restartedMain] w.s.c.ServletWebServerApplicationContext : Root WebApplicationContext: initialization completed in 1083 ms
2024-03-27T17:42:22.242+09:00  INFO 2564 --- [authentication-server] [restartedMain] o.hibernate.jpa.internal.util.LogHelper  : HHH000204: Processing PersistenceUnitInfo [name: default]
2024-03-27T17:42:22.283+09:00  INFO 2564 --- [authentication-server] [restartedMain] org.hibernate.Version                    : HHH000412: Hibernate ORM core version 6.4.4.Final
2024-03-27T17:42:22.305+09:00  INFO 2564 --- [authentication-server] [restartedMain] o.h.c.internal.RegionFactoryInitiator    : HHH000026: Second-level cache disabled
2024-03-27T17:42:22.471+09:00  INFO 2564 --- [authentication-server] [restartedMain] o.s.o.j.p.SpringPersistenceUnitInfo      : No LoadTimeWeaver setup: ignoring JPA class transformer
2024-03-27T17:42:22.489+09:00  INFO 2564 --- [authentication-server] [restartedMain] com.zaxxer.hikari.HikariDataSource       : HikariPool-1 - Starting...
2024-03-27T17:42:22.657+09:00  INFO 2564 --- [authentication-server] [restartedMain] com.zaxxer.hikari.pool.HikariPool        : HikariPool-1 - Added connection com.mysql.cj.jdbc.ConnectionImpl@12c9a188
2024-03-27T17:42:22.663+09:00  INFO 2564 --- [authentication-server] [restartedMain] com.zaxxer.hikari.HikariDataSource       : HikariPool-1 - Start completed.
2024-03-27T17:42:22.693+09:00  WARN 2564 --- [authentication-server] [restartedMain] org.hibernate.orm.deprecation            : HHH90000025: MySQL8Dialect does not need to be specified explicitly using 'hibernate.dialect' (remove the property setting and it will be selected by default)
2024-03-27T17:42:22.694+09:00  WARN 2564 --- [authentication-server] [restartedMain] org.hibernate.orm.deprecation            : HHH90000026: MySQL8Dialect has been deprecated; use org.hibernate.dialect.MySQLDialect instead
2024-03-27T17:42:23.222+09:00  INFO 2564 --- [authentication-server] [restartedMain] o.h.e.t.j.p.i.JtaPlatformInitiator       : HHH000489: No JTA platform available (set 'hibernate.transaction.jta.platform' to enable JTA platform integration)
2024-03-27T17:42:23.269+09:00  INFO 2564 --- [authentication-server] [restartedMain] j.LocalContainerEntityManagerFactoryBean : Initialized JPA EntityManagerFactory for persistence unit 'default'
2024-03-27T17:42:23.702+09:00  INFO 2564 --- [authentication-server] [restartedMain] o.s.b.d.a.OptionalLiveReloadServer       : LiveReload server is running on port 35729
2024-03-27T17:42:23.887+09:00  INFO 2564 --- [authentication-server] [restartedMain] DiscoveryClientOptionalArgsConfiguration : Eureka HTTP Client uses RestTemplate.
2024-03-27T17:42:24.113+09:00  INFO 2564 --- [authentication-server] [restartedMain] o.s.c.n.eureka.InstanceInfoFactory       : Setting initial instance status as: STARTING
2024-03-27T17:42:24.134+09:00  INFO 2564 --- [authentication-server] [restartedMain] com.netflix.discovery.DiscoveryClient    : Initializing Eureka in region us-east-1
2024-03-27T17:42:24.137+09:00  INFO 2564 --- [authentication-server] [restartedMain] c.n.d.s.r.aws.ConfigClusterResolver      : Resolving eureka endpoints via configuration
2024-03-27T17:42:24.152+09:00  INFO 2564 --- [authentication-server] [restartedMain] com.netflix.discovery.DiscoveryClient    : Disable delta property : false
2024-03-27T17:42:24.152+09:00  INFO 2564 --- [authentication-server] [restartedMain] com.netflix.discovery.DiscoveryClient    : Single vip registry refresh property : null
2024-03-27T17:42:24.152+09:00  INFO 2564 --- [authentication-server] [restartedMain] com.netflix.discovery.DiscoveryClient    : Force full registry fetch : false
2024-03-27T17:42:24.152+09:00  INFO 2564 --- [authentication-server] [restartedMain] com.netflix.discovery.DiscoveryClient    : Application is null : false
2024-03-27T17:42:24.152+09:00  INFO 2564 --- [authentication-server] [restartedMain] com.netflix.discovery.DiscoveryClient    : Registered Applications size is zero : true
2024-03-27T17:42:24.152+09:00  INFO 2564 --- [authentication-server] [restartedMain] com.netflix.discovery.DiscoveryClient    : Application version is -1: true
2024-03-27T17:42:24.152+09:00  INFO 2564 --- [authentication-server] [restartedMain] com.netflix.discovery.DiscoveryClient    : Getting all instance registry info from the eureka server
2024-03-27T17:42:24.280+09:00  INFO 2564 --- [authentication-server] [restartedMain] com.netflix.discovery.DiscoveryClient    : The response status is 200
2024-03-27T17:42:24.281+09:00  INFO 2564 --- [authentication-server] [restartedMain] com.netflix.discovery.DiscoveryClient    : Starting heartbeat executor: renew interval is: 30
2024-03-27T17:42:24.282+09:00  INFO 2564 --- [authentication-server] [restartedMain] c.n.discovery.InstanceInfoReplicator     : InstanceInfoReplicator onDemand update allowed rate per min is 4
2024-03-27T17:42:24.285+09:00  INFO 2564 --- [authentication-server] [restartedMain] com.netflix.discovery.DiscoveryClient    : Discovery Client initialized at timestamp 1711528944285 with initial instances count: 0
2024-03-27T17:42:24.287+09:00  INFO 2564 --- [authentication-server] [restartedMain] o.s.c.n.e.s.EurekaServiceRegistry        : Registering application AUTHENTICATION-SERVER with eureka with status UP
2024-03-27T17:42:24.287+09:00  INFO 2564 --- [authentication-server] [restartedMain] com.netflix.discovery.DiscoveryClient    : Saw local status change event StatusChangeEvent [timestamp=1711528944287, current=UP, previous=STARTING]
2024-03-27T17:42:24.288+09:00  INFO 2564 --- [authentication-server] [DiscoveryClient-InstanceInfoReplicator-0] com.netflix.discovery.DiscoveryClient    : DiscoveryClient_AUTHENTICATION-SERVER/host.docker.internal:authentication-server:8900: registering service...
2024-03-27T17:42:24.311+09:00  INFO 2564 --- [authentication-server] [restartedMain] o.s.b.w.embedded.tomcat.TomcatWebServer  : Tomcat started on port 8900 (http) with context path ''
2024-03-27T17:42:24.311+09:00  INFO 2564 --- [authentication-server] [restartedMain] .s.c.n.e.s.EurekaAutoServiceRegistration : Updating port to 8900
2024-03-27T17:42:24.316+09:00  INFO 2564 --- [authentication-server] [DiscoveryClient-InstanceInfoReplicator-0] com.netflix.discovery.DiscoveryClient    : DiscoveryClient_AUTHENTICATION-SERVER/host.docker.internal:authentication-server:8900 - registration status: 204
2024-03-27T17:42:24.481+09:00  INFO 2564 --- [authentication-server] [restartedMain] o.m.a.AuthenticationServerApplication    : Started AuthenticationServerApplication in 4.545 seconds (process running for 5.389)
2024-03-27T17:42:47.983+09:00  INFO 2564 --- [authentication-server] [RMI TCP Connection(8)-127.0.0.1] inMXBeanRegistrar$SpringApplicationAdmin : Application shutdown requested.
2024-03-27T17:42:47.984+09:00  INFO 2564 --- [authentication-server] [RMI TCP Connection(8)-127.0.0.1] o.s.c.n.e.s.EurekaServiceRegistry        : Unregistering application AUTHENTICATION-SERVER with eureka with status DOWN
2024-03-27T17:42:47.985+09:00  INFO 2564 --- [authentication-server] [RMI TCP Connection(8)-127.0.0.1] com.netflix.discovery.DiscoveryClient    : Saw local status change event StatusChangeEvent [timestamp=1711528967985, current=DOWN, previous=UP]
2024-03-27T17:42:47.985+09:00  INFO 2564 --- [authentication-server] [DiscoveryClient-InstanceInfoReplicator-0] com.netflix.discovery.DiscoveryClient    : DiscoveryClient_AUTHENTICATION-SERVER/host.docker.internal:authentication-server:8900: registering service...
2024-03-27T17:42:47.996+09:00  INFO 2564 --- [authentication-server] [DiscoveryClient-InstanceInfoReplicator-0] com.netflix.discovery.DiscoveryClient    : DiscoveryClient_AUTHENTICATION-SERVER/host.docker.internal:authentication-server:8900 - registration status: 204
2024-03-27T17:42:48.012+09:00  INFO 2564 --- [authentication-server] [RMI TCP Connection(8)-127.0.0.1] j.LocalContainerEntityManagerFactoryBean : Closing JPA EntityManagerFactory for persistence unit 'default'
2024-03-27T17:42:48.014+09:00  INFO 2564 --- [authentication-server] [RMI TCP Connection(8)-127.0.0.1] com.zaxxer.hikari.HikariDataSource       : HikariPool-1 - Shutdown initiated...
2024-03-27T17:42:48.021+09:00  INFO 2564 --- [authentication-server] [RMI TCP Connection(8)-127.0.0.1] com.zaxxer.hikari.HikariDataSource       : HikariPool-1 - Shutdown completed.
2024-03-27T17:42:48.021+09:00  INFO 2564 --- [authentication-server] [RMI TCP Connection(8)-127.0.0.1] com.netflix.discovery.DiscoveryClient    : Shutting down DiscoveryClient ...
2024-03-27T17:42:51.023+09:00  INFO 2564 --- [authentication-server] [RMI TCP Connection(8)-127.0.0.1] com.netflix.discovery.DiscoveryClient    : Unregistering ...
2024-03-27T17:42:51.041+09:00  INFO 2564 --- [authentication-server] [RMI TCP Connection(8)-127.0.0.1] com.netflix.discovery.DiscoveryClient    : DiscoveryClient_AUTHENTICATION-SERVER/host.docker.internal:authentication-server:8900 - deregister  status: 200
2024-03-27T17:42:51.045+09:00  INFO 2564 --- [authentication-server] [RMI TCP Connection(8)-127.0.0.1] com.netflix.discovery.DiscoveryClient    : Completed shut down of DiscoveryClient
2024-03-27T17:42:51.046+09:00  INFO 2564 --- [authentication-server] [RMI TCP Connection(8)-127.0.0.1] o.apache.catalina.core.StandardService   : Stopping service [Tomcat]
